<?xml version="1.0" encoding="UTF-8"?>
<!-- Generated by org.testng.reporters.JUnitXMLReporter -->
<testsuite ignored="0" hostname="MacA2251.fritz.box" failures="1" tests="1" name="Smoky" time="10.251" errors="0" timestamp="2024-04-18T12:27:27 CEST">
  <testcase classname="com.demoqa.tests.PracticeFormTest" name="createStudentAccountTest" time="2.727">
    <failure type="org.openqa.selenium.InvalidArgumentException" message="invalid argument: File not found : C:/Tools/1.jpg
  (Session info: chrome=123.0.6312.87)
Build info: version: &amp;apos;4.19.1&amp;apos;, revision: &amp;apos;abe0ee07dc&amp;apos;
System info: os.name: &amp;apos;Mac OS X&amp;apos;, os.arch: &amp;apos;x86_64&amp;apos;, os.version: &amp;apos;14.4.1&amp;apos;, java.version: &amp;apos;11.0.21&amp;apos;
Driver info: org.openqa.selenium.chrome.ChromeDriver
Command: [f1093b68cc7d840f484d8cdda617341f, sendKeysToElement {id=f.2912B029033FC354386A96806AE965CD.d.BCADEFDF2CE20D83A6D3B85FEBB041B1.e.132, value=[Ljava.lang.CharSequence;@e36bb2a}]
Capabilities {acceptInsecureCerts: false, browserName: chrome, browserVersion: 123.0.6312.87, chrome: {chromedriverVersion: 123.0.6312.86 (9b72c47a0536..., userDataDir: /var/folders/p8/kd7pp0gx74s...}, fedcm:accounts: true, goog:chromeOptions: {debuggerAddress: localhost:51257}, networkConnectionEnabled: false, pageLoadStrategy: normal, platformName: mac, proxy: Proxy(), se:cdp: ws://localhost:51257/devtoo..., se:cdpVersion: 123.0.6312.87, setWindowRect: true, strictFileInteractability: false, timeouts: {implicit: 0, pageLoad: 300000, script: 30000}, unhandledPromptBehavior: dismiss and notify, webauthn:extension:credBlob: true, webauthn:extension:largeBlob: true, webauthn:extension:minPinLength: true, webauthn:extension:prf: true, webauthn:virtualAuthenticators: true}
Element: [[ChromeDriver: chrome on mac (f1093b68cc7d840f484d8cdda617341f)] -&amp;gt; id: uploadPicture]
Session ID: f1093b68cc7d840f484d8cdda617341f">
      <![CDATA[org.openqa.selenium.InvalidArgumentException: invalid argument: File not found : C:/Tools/1.jpg
  (Session info: chrome=123.0.6312.87)
Build info: version: '4.19.1', revision: 'abe0ee07dc'
System info: os.name: 'Mac OS X', os.arch: 'x86_64', os.version: '14.4.1', java.version: '11.0.21'
Driver info: org.openqa.selenium.chrome.ChromeDriver
Command: [f1093b68cc7d840f484d8cdda617341f, sendKeysToElement {id=f.2912B029033FC354386A96806AE965CD.d.BCADEFDF2CE20D83A6D3B85FEBB041B1.e.132, value=[Ljava.lang.CharSequence;@e36bb2a}]
Capabilities {acceptInsecureCerts: false, browserName: chrome, browserVersion: 123.0.6312.87, chrome: {chromedriverVersion: 123.0.6312.86 (9b72c47a0536..., userDataDir: /var/folders/p8/kd7pp0gx74s...}, fedcm:accounts: true, goog:chromeOptions: {debuggerAddress: localhost:51257}, networkConnectionEnabled: false, pageLoadStrategy: normal, platformName: mac, proxy: Proxy(), se:cdp: ws://localhost:51257/devtoo..., se:cdpVersion: 123.0.6312.87, setWindowRect: true, strictFileInteractability: false, timeouts: {implicit: 0, pageLoad: 300000, script: 30000}, unhandledPromptBehavior: dismiss and notify, webauthn:extension:credBlob: true, webauthn:extension:largeBlob: true, webauthn:extension:minPinLength: true, webauthn:extension:prf: true, webauthn:virtualAuthenticators: true}
Element: [[ChromeDriver: chrome on mac (f1093b68cc7d840f484d8cdda617341f)] -> id: uploadPicture]
Session ID: f1093b68cc7d840f484d8cdda617341f
at org.openqa.selenium.remote.ErrorCodec.decode(ErrorCodec.java:167)
at org.openqa.selenium.remote.codec.w3c.W3CHttpResponseCodec.decode(W3CHttpResponseCodec.java:138)
at org.openqa.selenium.remote.codec.w3c.W3CHttpResponseCodec.decode(W3CHttpResponseCodec.java:50)
at org.openqa.selenium.remote.HttpCommandExecutor.execute(HttpCommandExecutor.java:190)
at org.openqa.selenium.remote.service.DriverCommandExecutor.invokeExecute(DriverCommandExecutor.java:216)
at org.openqa.selenium.remote.service.DriverCommandExecutor.execute(DriverCommandExecutor.java:174)
at org.openqa.selenium.remote.RemoteWebDriver.execute(RemoteWebDriver.java:518)
at org.openqa.selenium.remote.RemoteWebElement.execute(RemoteWebElement.java:223)
at org.openqa.selenium.remote.RemoteWebElement.sendKeys(RemoteWebElement.java:110)
at org.openqa.selenium.support.pagefactory.internal.LocatingElementHandler.invoke(LocatingElementHandler.java:51)
at com.sun.proxy.$Proxy9.sendKeys(Unknown Source)
at com.demoqa.pages.PracticeFormPage.uploadFile(PracticeFormPage.java:109)
at com.demoqa.tests.PracticeFormTest.createStudentAccountTest(PracticeFormTest.java:27)
at java.base/java.util.ArrayList.forEach(ArrayList.java:1541)
... Removed 39 stack frames]]>
    </failure>
  </testcase> <!-- createStudentAccountTest -->
</testsuite> <!-- Smoky -->
